This file contains any messages produced by compilers while
running configure, to aid debugging if configure makes a mistake.

It was created by configure, which was
generated by GNU Autoconf 2.69.  Invocation command line was

  $ ./configure --prefix=/usr --enable-progpath=/usr/bin

## --------- ##
## Platform. ##
## --------- ##

hostname = misak-desktop
uname -m = x86_64
uname -r = 3.5.0-23-generic
uname -s = Linux
uname -v = #35-Ubuntu SMP Thu Jan 24 13:15:40 UTC 2013

/usr/bin/uname -p = unknown
/bin/uname -X     = unknown

/bin/arch              = unknown
/usr/bin/arch -k       = unknown
/usr/convex/getsysinfo = unknown
/usr/bin/hostinfo      = unknown
/bin/machine           = unknown
/usr/bin/oslevel       = unknown
/bin/universe          = unknown

PATH: /usr/lib/lightdm/lightdm
PATH: /usr/local/sbin
PATH: /usr/local/bin
PATH: /usr/sbin
PATH: /usr/bin
PATH: /sbin
PATH: /bin
PATH: /usr/games
PATH: /usr/local/games


## ----------- ##
## Core tests. ##
## ----------- ##

configure:2424: checking for a BSD-compatible install
configure:2492: result: /usr/bin/install -c
configure:2503: checking whether build environment is sane
configure:2553: result: yes
configure:2694: checking for a thread-safe mkdir -p
configure:2733: result: /bin/mkdir -p
configure:2746: checking for gawk
configure:2762: found /usr/bin/gawk
configure:2773: result: gawk
configure:2784: checking whether make sets $(MAKE)
configure:2806: result: yes
configure:2979: checking for g++
configure:2995: found /usr/bin/g++
configure:3006: result: g++
configure:3033: checking for C++ compiler version
configure:3042: g++ --version >&5
g++ (Ubuntu/Linaro 4.7.2-2ubuntu1) 4.7.2
Copyright (C) 2012 Free Software Foundation, Inc.
This is free software; see the source for copying conditions.  There is NO
warranty; not even for MERCHANTABILITY or FITNESS FOR A PARTICULAR PURPOSE.

configure:3053: $? = 0
configure:3042: g++ -v >&5
Using built-in specs.
COLLECT_GCC=g++
COLLECT_LTO_WRAPPER=/usr/lib/gcc/x86_64-linux-gnu/4.7/lto-wrapper
Target: x86_64-linux-gnu
Configured with: ../src/configure -v --with-pkgversion='Ubuntu/Linaro 4.7.2-2ubuntu1' --with-bugurl=file:///usr/share/doc/gcc-4.7/README.Bugs --enable-languages=c,c++,go,fortran,objc,obj-c++ --prefix=/usr --program-suffix=-4.7 --enable-shared --enable-linker-build-id --with-system-zlib --libexecdir=/usr/lib --without-included-gettext --enable-threads=posix --with-gxx-include-dir=/usr/include/c++/4.7 --libdir=/usr/lib --enable-nls --with-sysroot=/ --enable-clocale=gnu --enable-libstdcxx-debug --enable-libstdcxx-time=yes --enable-gnu-unique-object --enable-plugin --enable-objc-gc --disable-werror --with-arch-32=i686 --with-tune=generic --enable-checking=release --build=x86_64-linux-gnu --host=x86_64-linux-gnu --target=x86_64-linux-gnu
Thread model: posix
gcc version 4.7.2 (Ubuntu/Linaro 4.7.2-2ubuntu1) 
configure:3053: $? = 0
configure:3042: g++ -V >&5
g++: error: unrecognized command line option '-V'
g++: fatal error: no input files
compilation terminated.
configure:3053: $? = 4
configure:3042: g++ -qversion >&5
g++: error: unrecognized command line option '-qversion'
g++: fatal error: no input files
compilation terminated.
configure:3053: $? = 4
configure:3073: checking whether the C++ compiler works
configure:3095: g++    conftest.cpp  >&5
conftest.cpp:15:0: warning: "PROG_PATH" redefined [enabled by default]
conftest.cpp:10:0: note: this is the location of the previous definition
configure:3099: $? = 0
configure:3147: result: yes
configure:3150: checking for C++ compiler default output file name
configure:3152: result: a.out
configure:3158: checking for suffix of executables
configure:3165: g++ -o conftest    conftest.cpp  >&5
conftest.cpp:15:0: warning: "PROG_PATH" redefined [enabled by default]
conftest.cpp:10:0: note: this is the location of the previous definition
configure:3169: $? = 0
configure:3191: result: 
configure:3213: checking whether we are cross compiling
configure:3221: g++ -o conftest    conftest.cpp  >&5
conftest.cpp:15:0: warning: "PROG_PATH" redefined [enabled by default]
conftest.cpp:10:0: note: this is the location of the previous definition
configure:3225: $? = 0
configure:3232: ./conftest
configure:3236: $? = 0
configure:3251: result: no
configure:3256: checking for suffix of object files
configure:3278: g++ -c   conftest.cpp >&5
conftest.cpp:15:0: warning: "PROG_PATH" redefined [enabled by default]
conftest.cpp:10:0: note: this is the location of the previous definition
configure:3282: $? = 0
configure:3303: result: o
configure:3307: checking whether we are using the GNU C++ compiler
configure:3326: g++ -c   conftest.cpp >&5
conftest.cpp:15:0: warning: "PROG_PATH" redefined [enabled by default]
conftest.cpp:10:0: note: this is the location of the previous definition
configure:3326: $? = 0
configure:3335: result: yes
configure:3344: checking whether g++ accepts -g
configure:3364: g++ -c -g  conftest.cpp >&5
conftest.cpp:15:0: warning: "PROG_PATH" redefined [enabled by default]
conftest.cpp:10:0: note: this is the location of the previous definition
configure:3364: $? = 0
configure: failed program was:
| /* confdefs.h */
| #define PACKAGE_NAME ""
| #define PACKAGE_TARNAME ""
| #define PACKAGE_VERSION ""
| #define PACKAGE_STRING ""
| #define PACKAGE_BUGREPORT ""
| #define PACKAGE_URL ""
| #define PACKAGE "pstocanonbj"
| #define VERSION "3.3"
| #define PROG_PATH /**/
| #define PACKAGE_LOCALE_DIR /**/
| #define PACKAGE_DATA_DIR /**/
| #define PACKAGE_SOURCE_DIR /**/
| #define PACKAGE_PRINTER_MODEL /**/
| #define PROG_PATH "/usr/bin"
| /* end confdefs.h.  */
| 
| int
| main ()
| {
| 
|   ;
|   return 0;
| }
configure:3379: g++ -c   conftest.cpp >&5
conftest.cpp:15:0: warning: "PROG_PATH" redefined [enabled by default]
conftest.cpp:10:0: note: this is the location of the previous definition
configure:3379: $? = 0
configure: failed program was:
| /* confdefs.h */
| #define PACKAGE_NAME ""
| #define PACKAGE_TARNAME ""
| #define PACKAGE_VERSION ""
| #define PACKAGE_STRING ""
| #define PACKAGE_BUGREPORT ""
| #define PACKAGE_URL ""
| #define PACKAGE "pstocanonbj"
| #define VERSION "3.3"
| #define PROG_PATH /**/
| #define PACKAGE_LOCALE_DIR /**/
| #define PACKAGE_DATA_DIR /**/
| #define PACKAGE_SOURCE_DIR /**/
| #define PACKAGE_PRINTER_MODEL /**/
| #define PROG_PATH "/usr/bin"
| /* end confdefs.h.  */
| 
| int
| main ()
| {
| 
|   ;
|   return 0;
| }
configure:3395: g++ -c -g  conftest.cpp >&5
conftest.cpp:15:0: warning: "PROG_PATH" redefined [enabled by default]
conftest.cpp:10:0: note: this is the location of the previous definition
configure:3395: $? = 0
configure:3405: result: yes
configure:3439: checking for style of include used by make
configure:3467: result: GNU
configure:3493: checking dependency style of g++
configure:3604: result: gcc3
configure:3667: checking for gcc
configure:3683: found /usr/bin/gcc
configure:3694: result: gcc
configure:3923: checking for C compiler version
configure:3932: gcc --version >&5
gcc (Ubuntu/Linaro 4.7.2-2ubuntu1) 4.7.2
Copyright (C) 2012 Free Software Foundation, Inc.
This is free software; see the source for copying conditions.  There is NO
warranty; not even for MERCHANTABILITY or FITNESS FOR A PARTICULAR PURPOSE.

configure:3943: $? = 0
configure:3932: gcc -v >&5
Using built-in specs.
COLLECT_GCC=gcc
COLLECT_LTO_WRAPPER=/usr/lib/gcc/x86_64-linux-gnu/4.7/lto-wrapper
Target: x86_64-linux-gnu
Configured with: ../src/configure -v --with-pkgversion='Ubuntu/Linaro 4.7.2-2ubuntu1' --with-bugurl=file:///usr/share/doc/gcc-4.7/README.Bugs --enable-languages=c,c++,go,fortran,objc,obj-c++ --prefix=/usr --program-suffix=-4.7 --enable-shared --enable-linker-build-id --with-system-zlib --libexecdir=/usr/lib --without-included-gettext --enable-threads=posix --with-gxx-include-dir=/usr/include/c++/4.7 --libdir=/usr/lib --enable-nls --with-sysroot=/ --enable-clocale=gnu --enable-libstdcxx-debug --enable-libstdcxx-time=yes --enable-gnu-unique-object --enable-plugin --enable-objc-gc --disable-werror --with-arch-32=i686 --with-tune=generic --enable-checking=release --build=x86_64-linux-gnu --host=x86_64-linux-gnu --target=x86_64-linux-gnu
Thread model: posix
gcc version 4.7.2 (Ubuntu/Linaro 4.7.2-2ubuntu1) 
configure:3943: $? = 0
configure:3932: gcc -V >&5
gcc: error: unrecognized command line option '-V'
gcc: fatal error: no input files
compilation terminated.
configure:3943: $? = 4
configure:3932: gcc -qversion >&5
gcc: error: unrecognized command line option '-qversion'
gcc: fatal error: no input files
compilation terminated.
configure:3943: $? = 4
configure:3947: checking whether we are using the GNU C compiler
configure:3966: gcc -c   conftest.c >&5
conftest.c:15:0: warning: "PROG_PATH" redefined [enabled by default]
conftest.c:10:0: note: this is the location of the previous definition
configure:3966: $? = 0
configure:3975: result: yes
configure:3984: checking whether gcc accepts -g
configure:4004: gcc -c -g  conftest.c >&5
conftest.c:15:0: warning: "PROG_PATH" redefined [enabled by default]
conftest.c:10:0: note: this is the location of the previous definition
configure:4004: $? = 0
configure: failed program was:
| /* confdefs.h */
| #define PACKAGE_NAME ""
| #define PACKAGE_TARNAME ""
| #define PACKAGE_VERSION ""
| #define PACKAGE_STRING ""
| #define PACKAGE_BUGREPORT ""
| #define PACKAGE_URL ""
| #define PACKAGE "pstocanonbj"
| #define VERSION "3.3"
| #define PROG_PATH /**/
| #define PACKAGE_LOCALE_DIR /**/
| #define PACKAGE_DATA_DIR /**/
| #define PACKAGE_SOURCE_DIR /**/
| #define PACKAGE_PRINTER_MODEL /**/
| #define PROG_PATH "/usr/bin"
| /* end confdefs.h.  */
| 
| int
| main ()
| {
| 
|   ;
|   return 0;
| }
configure:4019: gcc -c   conftest.c >&5
conftest.c:15:0: warning: "PROG_PATH" redefined [enabled by default]
conftest.c:10:0: note: this is the location of the previous definition
configure:4019: $? = 0
configure: failed program was:
| /* confdefs.h */
| #define PACKAGE_NAME ""
| #define PACKAGE_TARNAME ""
| #define PACKAGE_VERSION ""
| #define PACKAGE_STRING ""
| #define PACKAGE_BUGREPORT ""
| #define PACKAGE_URL ""
| #define PACKAGE "pstocanonbj"
| #define VERSION "3.3"
| #define PROG_PATH /**/
| #define PACKAGE_LOCALE_DIR /**/
| #define PACKAGE_DATA_DIR /**/
| #define PACKAGE_SOURCE_DIR /**/
| #define PACKAGE_PRINTER_MODEL /**/
| #define PROG_PATH "/usr/bin"
| /* end confdefs.h.  */
| 
| int
| main ()
| {
| 
|   ;
|   return 0;
| }
configure:4035: gcc -c -g  conftest.c >&5
conftest.c:15:0: warning: "PROG_PATH" redefined [enabled by default]
conftest.c:10:0: note: this is the location of the previous definition
configure:4035: $? = 0
configure:4045: result: yes
configure:4062: checking for gcc option to accept ISO C89
configure:4125: gcc  -c -g -O2  conftest.c >&5
conftest.c:15:0: warning: "PROG_PATH" redefined [enabled by default]
conftest.c:10:0: note: this is the location of the previous definition
configure:4125: $? = 0
configure:4138: result: none needed
configure:4160: checking dependency style of gcc
configure:4271: result: gcc3
configure:4291: checking how to run the C preprocessor
configure:4322: gcc -E  conftest.c
conftest.c:15:0: warning: "PROG_PATH" redefined [enabled by default]
conftest.c:10:0: note: this is the location of the previous definition
configure:4322: $? = 0
configure:4336: gcc -E  conftest.c
conftest.c:15:0: warning: "PROG_PATH" redefined [enabled by default]
conftest.c:10:0: note: this is the location of the previous definition
conftest.c:17:28: fatal error: ac_nonexistent.h: No such file or directory
compilation terminated.
configure:4336: $? = 1
configure: failed program was:
| /* confdefs.h */
| #define PACKAGE_NAME ""
| #define PACKAGE_TARNAME ""
| #define PACKAGE_VERSION ""
| #define PACKAGE_STRING ""
| #define PACKAGE_BUGREPORT ""
| #define PACKAGE_URL ""
| #define PACKAGE "pstocanonbj"
| #define VERSION "3.3"
| #define PROG_PATH /**/
| #define PACKAGE_LOCALE_DIR /**/
| #define PACKAGE_DATA_DIR /**/
| #define PACKAGE_SOURCE_DIR /**/
| #define PACKAGE_PRINTER_MODEL /**/
| #define PROG_PATH "/usr/bin"
| /* end confdefs.h.  */
| #include <ac_nonexistent.h>
configure:4361: result: gcc -E
configure:4381: gcc -E  conftest.c
conftest.c:15:0: warning: "PROG_PATH" redefined [enabled by default]
conftest.c:10:0: note: this is the location of the previous definition
configure:4381: $? = 0
configure:4395: gcc -E  conftest.c
conftest.c:15:0: warning: "PROG_PATH" redefined [enabled by default]
conftest.c:10:0: note: this is the location of the previous definition
conftest.c:17:28: fatal error: ac_nonexistent.h: No such file or directory
compilation terminated.
configure:4395: $? = 1
configure: failed program was:
| /* confdefs.h */
| #define PACKAGE_NAME ""
| #define PACKAGE_TARNAME ""
| #define PACKAGE_VERSION ""
| #define PACKAGE_STRING ""
| #define PACKAGE_BUGREPORT ""
| #define PACKAGE_URL ""
| #define PACKAGE "pstocanonbj"
| #define VERSION "3.3"
| #define PROG_PATH /**/
| #define PACKAGE_LOCALE_DIR /**/
| #define PACKAGE_DATA_DIR /**/
| #define PACKAGE_SOURCE_DIR /**/
| #define PACKAGE_PRINTER_MODEL /**/
| #define PROG_PATH "/usr/bin"
| /* end confdefs.h.  */
| #include <ac_nonexistent.h>
configure:4424: checking whether ln -s works
configure:4428: result: yes
configure:4435: checking whether make sets $(MAKE)
configure:4457: result: yes
configure:4509: checking for ranlib
configure:4525: found /usr/bin/ranlib
configure:4536: result: ranlib
configure:4587: checking build system type
configure:4601: result: x86_64-unknown-linux-gnu
configure:4621: checking host system type
configure:4634: result: x86_64-unknown-linux-gnu
configure:4675: checking how to print strings
configure:4702: result: printf
configure:4723: checking for a sed that does not truncate output
configure:4787: result: /bin/sed
configure:4805: checking for grep that handles long lines and -e
configure:4863: result: /bin/grep
configure:4868: checking for egrep
configure:4930: result: /bin/grep -E
configure:4935: checking for fgrep
configure:4997: result: /bin/grep -F
configure:5032: checking for ld used by gcc
configure:5099: result: /usr/bin/ld
configure:5106: checking if the linker (/usr/bin/ld) is GNU ld
configure:5121: result: yes
configure:5133: checking for BSD- or MS-compatible name lister (nm)
configure:5182: result: /usr/bin/nm -B
configure:5312: checking the name lister (/usr/bin/nm -B) interface
configure:5319: gcc -c -g -O2  conftest.c >&5
configure:5322: /usr/bin/nm -B "conftest.o"
configure:5325: output
0000000000000000 B some_variable
configure:5332: result: BSD nm
configure:5336: checking the maximum length of command line arguments
configure:5466: result: 1572864
configure:5483: checking whether the shell understands some XSI constructs
configure:5493: result: yes
configure:5497: checking whether the shell understands "+="
configure:5503: result: yes
configure:5538: checking how to convert x86_64-unknown-linux-gnu file names to x86_64-unknown-linux-gnu format
configure:5578: result: func_convert_file_noop
configure:5585: checking how to convert x86_64-unknown-linux-gnu file names to toolchain format
configure:5605: result: func_convert_file_noop
configure:5612: checking for /usr/bin/ld option to reload object files
configure:5619: result: -r
configure:5693: checking for objdump
configure:5709: found /usr/bin/objdump
configure:5720: result: objdump
configure:5752: checking how to recognize dependent libraries
configure:5954: result: pass_all
configure:6039: checking for dlltool
configure:6069: result: no
configure:6099: checking how to associate runtime and link libraries
configure:6126: result: printf %s\n
configure:6187: checking for ar
configure:6203: found /usr/bin/ar
configure:6214: result: ar
configure:6251: checking for archiver @FILE support
configure:6268: gcc -c -g -O2  conftest.c >&5
conftest.c:15:0: warning: "PROG_PATH" redefined [enabled by default]
conftest.c:10:0: note: this is the location of the previous definition
configure:6268: $? = 0
configure:6271: ar cru libconftest.a @conftest.lst >&5
configure:6274: $? = 0
configure:6279: ar cru libconftest.a @conftest.lst >&5
ar: conftest.o: No such file or directory
configure:6282: $? = 1
configure:6294: result: @
configure:6352: checking for strip
configure:6368: found /usr/bin/strip
configure:6379: result: strip
configure:6451: checking for ranlib
configure:6478: result: ranlib
configure:6580: checking command to parse /usr/bin/nm -B output from gcc object
configure:6700: gcc -c -g -O2  conftest.c >&5
configure:6703: $? = 0
configure:6707: /usr/bin/nm -B conftest.o \| sed -n -e 's/^.*[ ]\([ABCDGIRSTW][ABCDGIRSTW]*\)[ ][ ]*\([_A-Za-z][_A-Za-z0-9]*\)$/\1 \2 \2/p' | sed '/ __gnu_lto/d' \> conftest.nm
configure:6710: $? = 0
configure:6776: gcc -o conftest -g -O2   conftest.c conftstm.o >&5
configure:6779: $? = 0
configure:6817: result: ok
configure:6854: checking for sysroot
configure:6884: result: no
configure:6961: gcc -c -g -O2  conftest.c >&5
configure:6964: $? = 0
configure:7140: checking for mt
configure:7156: found /bin/mt
configure:7167: result: mt
configure:7190: checking if mt is a manifest tool
configure:7196: mt '-?'
configure:7204: result: no
configure:7842: checking for ANSI C header files
configure:7862: gcc -c -g -O2  conftest.c >&5
conftest.c:15:0: warning: "PROG_PATH" redefined [enabled by default]
conftest.c:10:0: note: this is the location of the previous definition
configure:7862: $? = 0
conftest.c:15:0: warning: "PROG_PATH" redefined [enabled by default]
conftest.c:10:0: note: this is the location of the previous definition
conftest.c:15:0: warning: "PROG_PATH" redefined [enabled by default]
conftest.c:10:0: note: this is the location of the previous definition
configure:7935: gcc -o conftest -g -O2   conftest.c  >&5
conftest.c:15:0: warning: "PROG_PATH" redefined [enabled by default]
conftest.c:10:0: note: this is the location of the previous definition
configure:7935: $? = 0
configure:7935: ./conftest
configure:7935: $? = 0
configure:7946: result: yes
configure:7959: checking for sys/types.h
configure:7959: gcc -c -g -O2  conftest.c >&5
conftest.c:15:0: warning: "PROG_PATH" redefined [enabled by default]
conftest.c:10:0: note: this is the location of the previous definition
configure:7959: $? = 0
configure:7959: result: yes
configure:7959: checking for sys/stat.h
configure:7959: gcc -c -g -O2  conftest.c >&5
conftest.c:15:0: warning: "PROG_PATH" redefined [enabled by default]
conftest.c:10:0: note: this is the location of the previous definition
configure:7959: $? = 0
configure:7959: result: yes
configure:7959: checking for stdlib.h
configure:7959: gcc -c -g -O2  conftest.c >&5
conftest.c:15:0: warning: "PROG_PATH" redefined [enabled by default]
conftest.c:10:0: note: this is the location of the previous definition
configure:7959: $? = 0
configure:7959: result: yes
configure:7959: checking for string.h
configure:7959: gcc -c -g -O2  conftest.c >&5
conftest.c:15:0: warning: "PROG_PATH" redefined [enabled by default]
conftest.c:10:0: note: this is the location of the previous definition
configure:7959: $? = 0
configure:7959: result: yes
configure:7959: checking for memory.h
configure:7959: gcc -c -g -O2  conftest.c >&5
conftest.c:15:0: warning: "PROG_PATH" redefined [enabled by default]
conftest.c:10:0: note: this is the location of the previous definition
configure:7959: $? = 0
configure:7959: result: yes
configure:7959: checking for strings.h
configure:7959: gcc -c -g -O2  conftest.c >&5
conftest.c:15:0: warning: "PROG_PATH" redefined [enabled by default]
conftest.c:10:0: note: this is the location of the previous definition
configure:7959: $? = 0
configure:7959: result: yes
configure:7959: checking for inttypes.h
configure:7959: gcc -c -g -O2  conftest.c >&5
conftest.c:15:0: warning: "PROG_PATH" redefined [enabled by default]
conftest.c:10:0: note: this is the location of the previous definition
configure:7959: $? = 0
configure:7959: result: yes
configure:7959: checking for stdint.h
configure:7959: gcc -c -g -O2  conftest.c >&5
conftest.c:15:0: warning: "PROG_PATH" redefined [enabled by default]
conftest.c:10:0: note: this is the location of the previous definition
configure:7959: $? = 0
configure:7959: result: yes
configure:7959: checking for unistd.h
configure:7959: gcc -c -g -O2  conftest.c >&5
conftest.c:15:0: warning: "PROG_PATH" redefined [enabled by default]
conftest.c:10:0: note: this is the location of the previous definition
configure:7959: $? = 0
configure:7959: result: yes
configure:7973: checking for dlfcn.h
configure:7973: gcc -c -g -O2  conftest.c >&5
conftest.c:15:0: warning: "PROG_PATH" redefined [enabled by default]
conftest.c:10:0: note: this is the location of the previous definition
configure:7973: $? = 0
configure:7973: result: yes
configure:8190: checking for objdir
configure:8205: result: .libs
configure:8472: checking if gcc supports -fno-rtti -fno-exceptions
configure:8490: gcc -c -g -O2  -fno-rtti -fno-exceptions conftest.c >&5
cc1: warning: command line option '-fno-rtti' is valid for C++/ObjC++ but not for C [enabled by default]
configure:8494: $? = 0
configure:8507: result: no
configure:8834: checking for gcc option to produce PIC
configure:8841: result: -fPIC -DPIC
configure:8849: checking if gcc PIC flag -fPIC -DPIC works
configure:8867: gcc -c -g -O2  -fPIC -DPIC -DPIC conftest.c >&5
configure:8871: $? = 0
configure:8884: result: yes
configure:8913: checking if gcc static flag -static works
configure:8941: result: yes
configure:8956: checking if gcc supports -c -o file.o
configure:8977: gcc -c -g -O2  -o out/conftest2.o conftest.c >&5
configure:8981: $? = 0
configure:9003: result: yes
configure:9011: checking if gcc supports -c -o file.o
configure:9058: result: yes
configure:9091: checking whether the gcc linker (/usr/bin/ld -m elf_x86_64) supports shared libraries
configure:10248: result: yes
configure:10285: checking whether -lc should be explicitly linked in
configure:10293: gcc -c -g -O2  conftest.c >&5
configure:10296: $? = 0
configure:10311: gcc -shared  -fPIC -DPIC conftest.o  -v -Wl,-soname -Wl,conftest -o conftest 2\>\&1 \| /bin/grep  -lc  \>/dev/null 2\>\&1
configure:10314: $? = 0
configure:10328: result: no
configure:10488: checking dynamic linker characteristics
configure:10999: gcc -o conftest -g -O2   -Wl,-rpath -Wl,/foo conftest.c  >&5
conftest.c:15:0: warning: "PROG_PATH" redefined [enabled by default]
conftest.c:10:0: note: this is the location of the previous definition
configure:10999: $? = 0
configure:11233: result: GNU/Linux ld.so
configure:11340: checking how to hardcode library paths into programs
configure:11365: result: immediate
configure:11905: checking whether stripping libraries is possible
configure:11910: result: yes
configure:11945: checking if libtool supports shared libraries
configure:11947: result: yes
configure:11950: checking whether to build shared libraries
configure:11971: result: yes
configure:11974: checking whether to build static libraries
configure:11978: result: yes
configure:12001: checking how to run the C++ preprocessor
configure:12028: g++ -E  conftest.cpp
conftest.cpp:15:0: warning: "PROG_PATH" redefined [enabled by default]
conftest.cpp:10:0: note: this is the location of the previous definition
configure:12028: $? = 0
configure:12042: g++ -E  conftest.cpp
conftest.cpp:15:0: warning: "PROG_PATH" redefined [enabled by default]
conftest.cpp:10:0: note: this is the location of the previous definition
conftest.cpp:29:28: fatal error: ac_nonexistent.h: No such file or directory
compilation terminated.
configure:12042: $? = 1
configure: failed program was:
| /* confdefs.h */
| #define PACKAGE_NAME ""
| #define PACKAGE_TARNAME ""
| #define PACKAGE_VERSION ""
| #define PACKAGE_STRING ""
| #define PACKAGE_BUGREPORT ""
| #define PACKAGE_URL ""
| #define PACKAGE "pstocanonbj"
| #define VERSION "3.3"
| #define PROG_PATH /**/
| #define PACKAGE_LOCALE_DIR /**/
| #define PACKAGE_DATA_DIR /**/
| #define PACKAGE_SOURCE_DIR /**/
| #define PACKAGE_PRINTER_MODEL /**/
| #define PROG_PATH "/usr/bin"
| #define STDC_HEADERS 1
| #define HAVE_SYS_TYPES_H 1
| #define HAVE_SYS_STAT_H 1
| #define HAVE_STDLIB_H 1
| #define HAVE_STRING_H 1
| #define HAVE_MEMORY_H 1
| #define HAVE_STRINGS_H 1
| #define HAVE_INTTYPES_H 1
| #define HAVE_STDINT_H 1
| #define HAVE_UNISTD_H 1
| #define HAVE_DLFCN_H 1
| #define LT_OBJDIR ".libs/"
| /* end confdefs.h.  */
| #include <ac_nonexistent.h>
configure:12067: result: g++ -E
configure:12087: g++ -E  conftest.cpp
conftest.cpp:15:0: warning: "PROG_PATH" redefined [enabled by default]
conftest.cpp:10:0: note: this is the location of the previous definition
configure:12087: $? = 0
configure:12101: g++ -E  conftest.cpp
conftest.cpp:15:0: warning: "PROG_PATH" redefined [enabled by default]
conftest.cpp:10:0: note: this is the location of the previous definition
conftest.cpp:29:28: fatal error: ac_nonexistent.h: No such file or directory
compilation terminated.
configure:12101: $? = 1
configure: failed program was:
| /* confdefs.h */
| #define PACKAGE_NAME ""
| #define PACKAGE_TARNAME ""
| #define PACKAGE_VERSION ""
| #define PACKAGE_STRING ""
| #define PACKAGE_BUGREPORT ""
| #define PACKAGE_URL ""
| #define PACKAGE "pstocanonbj"
| #define VERSION "3.3"
| #define PROG_PATH /**/
| #define PACKAGE_LOCALE_DIR /**/
| #define PACKAGE_DATA_DIR /**/
| #define PACKAGE_SOURCE_DIR /**/
| #define PACKAGE_PRINTER_MODEL /**/
| #define PROG_PATH "/usr/bin"
| #define STDC_HEADERS 1
| #define HAVE_SYS_TYPES_H 1
| #define HAVE_SYS_STAT_H 1
| #define HAVE_STDLIB_H 1
| #define HAVE_STRING_H 1
| #define HAVE_MEMORY_H 1
| #define HAVE_STRINGS_H 1
| #define HAVE_INTTYPES_H 1
| #define HAVE_STDINT_H 1
| #define HAVE_UNISTD_H 1
| #define HAVE_DLFCN_H 1
| #define LT_OBJDIR ".libs/"
| /* end confdefs.h.  */
| #include <ac_nonexistent.h>
configure:12270: checking for ld used by g++
configure:12337: result: /usr/bin/ld -m elf_x86_64
configure:12344: checking if the linker (/usr/bin/ld -m elf_x86_64) is GNU ld
configure:12359: result: yes
configure:12414: checking whether the g++ linker (/usr/bin/ld -m elf_x86_64) supports shared libraries
configure:13419: result: yes
configure:13455: g++ -c -g -O2  conftest.cpp >&5
configure:13458: $? = 0
configure:13978: checking for g++ option to produce PIC
configure:13985: result: -fPIC -DPIC
configure:13993: checking if g++ PIC flag -fPIC -DPIC works
configure:14011: g++ -c -g -O2  -fPIC -DPIC -DPIC conftest.cpp >&5
configure:14015: $? = 0
configure:14028: result: yes
configure:14051: checking if g++ static flag -static works
configure:14079: result: yes
configure:14091: checking if g++ supports -c -o file.o
configure:14112: g++ -c -g -O2  -o out/conftest2.o conftest.cpp >&5
configure:14116: $? = 0
configure:14138: result: yes
configure:14143: checking if g++ supports -c -o file.o
configure:14190: result: yes
configure:14220: checking whether the g++ linker (/usr/bin/ld -m elf_x86_64) supports shared libraries
configure:14259: result: yes
configure:14400: checking dynamic linker characteristics
configure:15079: result: GNU/Linux ld.so
configure:15132: checking how to hardcode library paths into programs
configure:15157: result: immediate
configure:15221: checking for main in -lcups
configure:15240: gcc -o conftest -g -O2   conftest.c -lcups   >&5
conftest.c:15:0: warning: "PROG_PATH" redefined [enabled by default]
conftest.c:10:0: note: this is the location of the previous definition
configure:15240: $? = 0
configure:15249: result: yes
configure:15261: checking for main in -lparamlist
configure:15280: gcc -o conftest -g -O2   conftest.c -lparamlist  -lcups  >&5
conftest.c:15:0: warning: "PROG_PATH" redefined [enabled by default]
conftest.c:10:0: note: this is the location of the previous definition
/usr/bin/ld: cannot find -lparamlist
collect2: error: ld returned 1 exit status
configure:15280: $? = 1
configure: failed program was:
| /* confdefs.h */
| #define PACKAGE_NAME ""
| #define PACKAGE_TARNAME ""
| #define PACKAGE_VERSION ""
| #define PACKAGE_STRING ""
| #define PACKAGE_BUGREPORT ""
| #define PACKAGE_URL ""
| #define PACKAGE "pstocanonbj"
| #define VERSION "3.3"
| #define PROG_PATH /**/
| #define PACKAGE_LOCALE_DIR /**/
| #define PACKAGE_DATA_DIR /**/
| #define PACKAGE_SOURCE_DIR /**/
| #define PACKAGE_PRINTER_MODEL /**/
| #define PROG_PATH "/usr/bin"
| #define STDC_HEADERS 1
| #define HAVE_SYS_TYPES_H 1
| #define HAVE_SYS_STAT_H 1
| #define HAVE_STDLIB_H 1
| #define HAVE_STRING_H 1
| #define HAVE_MEMORY_H 1
| #define HAVE_STRINGS_H 1
| #define HAVE_INTTYPES_H 1
| #define HAVE_STDINT_H 1
| #define HAVE_UNISTD_H 1
| #define HAVE_DLFCN_H 1
| #define LT_OBJDIR ".libs/"
| #define HAVE_LIBCUPS 1
| /* end confdefs.h.  */
| 
| 
| int
| main ()
| {
| return main ();
|   ;
|   return 0;
| }
configure:15289: result: no
configure:15301: checking for main in -lpopt
configure:15320: gcc -o conftest -g -O2   conftest.c -lpopt  -lcups  >&5
conftest.c:15:0: warning: "PROG_PATH" redefined [enabled by default]
conftest.c:10:0: note: this is the location of the previous definition
configure:15320: $? = 0
configure:15329: result: yes
configure:15342: checking for ANSI C header files
configure:15446: result: yes
configure:15454: checking for sys/wait.h that is POSIX.1 compatible
configure:15480: gcc -c -g -O2  conftest.c >&5
conftest.c:15:0: warning: "PROG_PATH" redefined [enabled by default]
conftest.c:10:0: note: this is the location of the previous definition
configure:15480: $? = 0
configure:15487: result: yes
configure:15498: checking arpa/inet.h usability
configure:15498: gcc -c -g -O2  conftest.c >&5
conftest.c:15:0: warning: "PROG_PATH" redefined [enabled by default]
conftest.c:10:0: note: this is the location of the previous definition
configure:15498: $? = 0
configure:15498: result: yes
configure:15498: checking arpa/inet.h presence
configure:15498: gcc -E  conftest.c
conftest.c:15:0: warning: "PROG_PATH" redefined [enabled by default]
conftest.c:10:0: note: this is the location of the previous definition
configure:15498: $? = 0
configure:15498: result: yes
configure:15498: checking for arpa/inet.h
configure:15498: result: yes
configure:15498: checking fcntl.h usability
configure:15498: gcc -c -g -O2  conftest.c >&5
conftest.c:15:0: warning: "PROG_PATH" redefined [enabled by default]
conftest.c:10:0: note: this is the location of the previous definition
configure:15498: $? = 0
configure:15498: result: yes
configure:15498: checking fcntl.h presence
configure:15498: gcc -E  conftest.c
conftest.c:15:0: warning: "PROG_PATH" redefined [enabled by default]
conftest.c:10:0: note: this is the location of the previous definition
configure:15498: $? = 0
configure:15498: result: yes
configure:15498: checking for fcntl.h
configure:15498: result: yes
configure:15498: checking malloc.h usability
configure:15498: gcc -c -g -O2  conftest.c >&5
conftest.c:15:0: warning: "PROG_PATH" redefined [enabled by default]
conftest.c:10:0: note: this is the location of the previous definition
configure:15498: $? = 0
configure:15498: result: yes
configure:15498: checking malloc.h presence
configure:15498: gcc -E  conftest.c
conftest.c:15:0: warning: "PROG_PATH" redefined [enabled by default]
conftest.c:10:0: note: this is the location of the previous definition
configure:15498: $? = 0
configure:15498: result: yes
configure:15498: checking for malloc.h
configure:15498: result: yes
configure:15498: checking netdb.h usability
configure:15498: gcc -c -g -O2  conftest.c >&5
conftest.c:15:0: warning: "PROG_PATH" redefined [enabled by default]
conftest.c:10:0: note: this is the location of the previous definition
configure:15498: $? = 0
configure:15498: result: yes
configure:15498: checking netdb.h presence
configure:15498: gcc -E  conftest.c
conftest.c:15:0: warning: "PROG_PATH" redefined [enabled by default]
conftest.c:10:0: note: this is the location of the previous definition
configure:15498: $? = 0
configure:15498: result: yes
configure:15498: checking for netdb.h
configure:15498: result: yes
configure:15498: checking netinet/in.h usability
configure:15498: gcc -c -g -O2  conftest.c >&5
conftest.c:15:0: warning: "PROG_PATH" redefined [enabled by default]
conftest.c:10:0: note: this is the location of the previous definition
configure:15498: $? = 0
configure:15498: result: yes
configure:15498: checking netinet/in.h presence
configure:15498: gcc -E  conftest.c
conftest.c:15:0: warning: "PROG_PATH" redefined [enabled by default]
conftest.c:10:0: note: this is the location of the previous definition
configure:15498: $? = 0
configure:15498: result: yes
configure:15498: checking for netinet/in.h
configure:15498: result: yes
configure:15498: checking for stdlib.h
configure:15498: result: yes
configure:15498: checking for string.h
configure:15498: result: yes
configure:15498: checking sys/socket.h usability
configure:15498: gcc -c -g -O2  conftest.c >&5
conftest.c:15:0: warning: "PROG_PATH" redefined [enabled by default]
conftest.c:10:0: note: this is the location of the previous definition
configure:15498: $? = 0
configure:15498: result: yes
configure:15498: checking sys/socket.h presence
configure:15498: gcc -E  conftest.c
conftest.c:15:0: warning: "PROG_PATH" redefined [enabled by default]
conftest.c:10:0: note: this is the location of the previous definition
configure:15498: $? = 0
configure:15498: result: yes
configure:15498: checking for sys/socket.h
configure:15498: result: yes
configure:15498: checking for unistd.h
configure:15498: result: yes
configure:15510: checking for an ANSI C-conforming const
configure:15576: gcc -c -g -O2  conftest.c >&5
conftest.c:15:0: warning: "PROG_PATH" redefined [enabled by default]
conftest.c:10:0: note: this is the location of the previous definition
configure:15576: $? = 0
configure:15583: result: yes
configure:15591: checking for size_t
configure:15591: gcc -c -g -O2  conftest.c >&5
conftest.c:15:0: warning: "PROG_PATH" redefined [enabled by default]
conftest.c:10:0: note: this is the location of the previous definition
configure:15591: $? = 0
configure:15591: gcc -c -g -O2  conftest.c >&5
conftest.c:15:0: warning: "PROG_PATH" redefined [enabled by default]
conftest.c:10:0: note: this is the location of the previous definition
conftest.c: In function 'main':
conftest.c:78:21: error: expected expression before ')' token
configure:15591: $? = 1
configure: failed program was:
| /* confdefs.h */
| #define PACKAGE_NAME ""
| #define PACKAGE_TARNAME ""
| #define PACKAGE_VERSION ""
| #define PACKAGE_STRING ""
| #define PACKAGE_BUGREPORT ""
| #define PACKAGE_URL ""
| #define PACKAGE "pstocanonbj"
| #define VERSION "3.3"
| #define PROG_PATH /**/
| #define PACKAGE_LOCALE_DIR /**/
| #define PACKAGE_DATA_DIR /**/
| #define PACKAGE_SOURCE_DIR /**/
| #define PACKAGE_PRINTER_MODEL /**/
| #define PROG_PATH "/usr/bin"
| #define STDC_HEADERS 1
| #define HAVE_SYS_TYPES_H 1
| #define HAVE_SYS_STAT_H 1
| #define HAVE_STDLIB_H 1
| #define HAVE_STRING_H 1
| #define HAVE_MEMORY_H 1
| #define HAVE_STRINGS_H 1
| #define HAVE_INTTYPES_H 1
| #define HAVE_STDINT_H 1
| #define HAVE_UNISTD_H 1
| #define HAVE_DLFCN_H 1
| #define LT_OBJDIR ".libs/"
| #define HAVE_LIBCUPS 1
| #define HAVE_LIBPOPT 1
| #define STDC_HEADERS 1
| #define HAVE_SYS_WAIT_H 1
| #define HAVE_ARPA_INET_H 1
| #define HAVE_FCNTL_H 1
| #define HAVE_MALLOC_H 1
| #define HAVE_NETDB_H 1
| #define HAVE_NETINET_IN_H 1
| #define HAVE_STDLIB_H 1
| #define HAVE_STRING_H 1
| #define HAVE_SYS_SOCKET_H 1
| #define HAVE_UNISTD_H 1
| /* end confdefs.h.  */
| #include <stdio.h>
| #ifdef HAVE_SYS_TYPES_H
| # include <sys/types.h>
| #endif
| #ifdef HAVE_SYS_STAT_H
| # include <sys/stat.h>
| #endif
| #ifdef STDC_HEADERS
| # include <stdlib.h>
| # include <stddef.h>
| #else
| # ifdef HAVE_STDLIB_H
| #  include <stdlib.h>
| # endif
| #endif
| #ifdef HAVE_STRING_H
| # if !defined STDC_HEADERS && defined HAVE_MEMORY_H
| #  include <memory.h>
| # endif
| # include <string.h>
| #endif
| #ifdef HAVE_STRINGS_H
| # include <strings.h>
| #endif
| #ifdef HAVE_INTTYPES_H
| # include <inttypes.h>
| #endif
| #ifdef HAVE_STDINT_H
| # include <stdint.h>
| #endif
| #ifdef HAVE_UNISTD_H
| # include <unistd.h>
| #endif
| int
| main ()
| {
| if (sizeof ((size_t)))
| 	    return 0;
|   ;
|   return 0;
| }
configure:15591: result: yes
configure:15604: checking for pid_t
configure:15604: gcc -c -g -O2  conftest.c >&5
conftest.c:15:0: warning: "PROG_PATH" redefined [enabled by default]
conftest.c:10:0: note: this is the location of the previous definition
configure:15604: $? = 0
configure:15604: gcc -c -g -O2  conftest.c >&5
conftest.c:15:0: warning: "PROG_PATH" redefined [enabled by default]
conftest.c:10:0: note: this is the location of the previous definition
conftest.c: In function 'main':
conftest.c:78:20: error: expected expression before ')' token
configure:15604: $? = 1
configure: failed program was:
| /* confdefs.h */
| #define PACKAGE_NAME ""
| #define PACKAGE_TARNAME ""
| #define PACKAGE_VERSION ""
| #define PACKAGE_STRING ""
| #define PACKAGE_BUGREPORT ""
| #define PACKAGE_URL ""
| #define PACKAGE "pstocanonbj"
| #define VERSION "3.3"
| #define PROG_PATH /**/
| #define PACKAGE_LOCALE_DIR /**/
| #define PACKAGE_DATA_DIR /**/
| #define PACKAGE_SOURCE_DIR /**/
| #define PACKAGE_PRINTER_MODEL /**/
| #define PROG_PATH "/usr/bin"
| #define STDC_HEADERS 1
| #define HAVE_SYS_TYPES_H 1
| #define HAVE_SYS_STAT_H 1
| #define HAVE_STDLIB_H 1
| #define HAVE_STRING_H 1
| #define HAVE_MEMORY_H 1
| #define HAVE_STRINGS_H 1
| #define HAVE_INTTYPES_H 1
| #define HAVE_STDINT_H 1
| #define HAVE_UNISTD_H 1
| #define HAVE_DLFCN_H 1
| #define LT_OBJDIR ".libs/"
| #define HAVE_LIBCUPS 1
| #define HAVE_LIBPOPT 1
| #define STDC_HEADERS 1
| #define HAVE_SYS_WAIT_H 1
| #define HAVE_ARPA_INET_H 1
| #define HAVE_FCNTL_H 1
| #define HAVE_MALLOC_H 1
| #define HAVE_NETDB_H 1
| #define HAVE_NETINET_IN_H 1
| #define HAVE_STDLIB_H 1
| #define HAVE_STRING_H 1
| #define HAVE_SYS_SOCKET_H 1
| #define HAVE_UNISTD_H 1
| /* end confdefs.h.  */
| #include <stdio.h>
| #ifdef HAVE_SYS_TYPES_H
| # include <sys/types.h>
| #endif
| #ifdef HAVE_SYS_STAT_H
| # include <sys/stat.h>
| #endif
| #ifdef STDC_HEADERS
| # include <stdlib.h>
| # include <stddef.h>
| #else
| # ifdef HAVE_STDLIB_H
| #  include <stdlib.h>
| # endif
| #endif
| #ifdef HAVE_STRING_H
| # if !defined STDC_HEADERS && defined HAVE_MEMORY_H
| #  include <memory.h>
| # endif
| # include <string.h>
| #endif
| #ifdef HAVE_STRINGS_H
| # include <strings.h>
| #endif
| #ifdef HAVE_INTTYPES_H
| # include <inttypes.h>
| #endif
| #ifdef HAVE_STDINT_H
| # include <stdint.h>
| #endif
| #ifdef HAVE_UNISTD_H
| # include <unistd.h>
| #endif
| int
| main ()
| {
| if (sizeof ((pid_t)))
| 	    return 0;
|   ;
|   return 0;
| }
configure:15604: result: yes
configure:15617: checking vfork.h usability
configure:15617: gcc -c -g -O2  conftest.c >&5
conftest.c:15:0: warning: "PROG_PATH" redefined [enabled by default]
conftest.c:10:0: note: this is the location of the previous definition
conftest.c:75:19: fatal error: vfork.h: No such file or directory
compilation terminated.
configure:15617: $? = 1
configure: failed program was:
| /* confdefs.h */
| #define PACKAGE_NAME ""
| #define PACKAGE_TARNAME ""
| #define PACKAGE_VERSION ""
| #define PACKAGE_STRING ""
| #define PACKAGE_BUGREPORT ""
| #define PACKAGE_URL ""
| #define PACKAGE "pstocanonbj"
| #define VERSION "3.3"
| #define PROG_PATH /**/
| #define PACKAGE_LOCALE_DIR /**/
| #define PACKAGE_DATA_DIR /**/
| #define PACKAGE_SOURCE_DIR /**/
| #define PACKAGE_PRINTER_MODEL /**/
| #define PROG_PATH "/usr/bin"
| #define STDC_HEADERS 1
| #define HAVE_SYS_TYPES_H 1
| #define HAVE_SYS_STAT_H 1
| #define HAVE_STDLIB_H 1
| #define HAVE_STRING_H 1
| #define HAVE_MEMORY_H 1
| #define HAVE_STRINGS_H 1
| #define HAVE_INTTYPES_H 1
| #define HAVE_STDINT_H 1
| #define HAVE_UNISTD_H 1
| #define HAVE_DLFCN_H 1
| #define LT_OBJDIR ".libs/"
| #define HAVE_LIBCUPS 1
| #define HAVE_LIBPOPT 1
| #define STDC_HEADERS 1
| #define HAVE_SYS_WAIT_H 1
| #define HAVE_ARPA_INET_H 1
| #define HAVE_FCNTL_H 1
| #define HAVE_MALLOC_H 1
| #define HAVE_NETDB_H 1
| #define HAVE_NETINET_IN_H 1
| #define HAVE_STDLIB_H 1
| #define HAVE_STRING_H 1
| #define HAVE_SYS_SOCKET_H 1
| #define HAVE_UNISTD_H 1
| /* end confdefs.h.  */
| #include <stdio.h>
| #ifdef HAVE_SYS_TYPES_H
| # include <sys/types.h>
| #endif
| #ifdef HAVE_SYS_STAT_H
| # include <sys/stat.h>
| #endif
| #ifdef STDC_HEADERS
| # include <stdlib.h>
| # include <stddef.h>
| #else
| # ifdef HAVE_STDLIB_H
| #  include <stdlib.h>
| # endif
| #endif
| #ifdef HAVE_STRING_H
| # if !defined STDC_HEADERS && defined HAVE_MEMORY_H
| #  include <memory.h>
| # endif
| # include <string.h>
| #endif
| #ifdef HAVE_STRINGS_H
| # include <strings.h>
| #endif
| #ifdef HAVE_INTTYPES_H
| # include <inttypes.h>
| #endif
| #ifdef HAVE_STDINT_H
| # include <stdint.h>
| #endif
| #ifdef HAVE_UNISTD_H
| # include <unistd.h>
| #endif
| #include <vfork.h>
configure:15617: result: no
configure:15617: checking vfork.h presence
configure:15617: gcc -E  conftest.c
conftest.c:15:0: warning: "PROG_PATH" redefined [enabled by default]
conftest.c:10:0: note: this is the location of the previous definition
conftest.c:42:19: fatal error: vfork.h: No such file or directory
compilation terminated.
configure:15617: $? = 1
configure: failed program was:
| /* confdefs.h */
| #define PACKAGE_NAME ""
| #define PACKAGE_TARNAME ""
| #define PACKAGE_VERSION ""
| #define PACKAGE_STRING ""
| #define PACKAGE_BUGREPORT ""
| #define PACKAGE_URL ""
| #define PACKAGE "pstocanonbj"
| #define VERSION "3.3"
| #define PROG_PATH /**/
| #define PACKAGE_LOCALE_DIR /**/
| #define PACKAGE_DATA_DIR /**/
| #define PACKAGE_SOURCE_DIR /**/
| #define PACKAGE_PRINTER_MODEL /**/
| #define PROG_PATH "/usr/bin"
| #define STDC_HEADERS 1
| #define HAVE_SYS_TYPES_H 1
| #define HAVE_SYS_STAT_H 1
| #define HAVE_STDLIB_H 1
| #define HAVE_STRING_H 1
| #define HAVE_MEMORY_H 1
| #define HAVE_STRINGS_H 1
| #define HAVE_INTTYPES_H 1
| #define HAVE_STDINT_H 1
| #define HAVE_UNISTD_H 1
| #define HAVE_DLFCN_H 1
| #define LT_OBJDIR ".libs/"
| #define HAVE_LIBCUPS 1
| #define HAVE_LIBPOPT 1
| #define STDC_HEADERS 1
| #define HAVE_SYS_WAIT_H 1
| #define HAVE_ARPA_INET_H 1
| #define HAVE_FCNTL_H 1
| #define HAVE_MALLOC_H 1
| #define HAVE_NETDB_H 1
| #define HAVE_NETINET_IN_H 1
| #define HAVE_STDLIB_H 1
| #define HAVE_STRING_H 1
| #define HAVE_SYS_SOCKET_H 1
| #define HAVE_UNISTD_H 1
| /* end confdefs.h.  */
| #include <vfork.h>
configure:15617: result: no
configure:15617: checking for vfork.h
configure:15617: result: no
configure:15630: checking for fork
configure:15630: gcc -o conftest -g -O2   conftest.c -lpopt -lcups  >&5
conftest.c:15:0: warning: "PROG_PATH" redefined [enabled by default]
conftest.c:10:0: note: this is the location of the previous definition
conftest.c:65:6: warning: conflicting types for built-in function 'fork' [enabled by default]
configure:15630: $? = 0
configure:15630: result: yes
configure:15630: checking for vfork
configure:15630: gcc -o conftest -g -O2   conftest.c -lpopt -lcups  >&5
conftest.c:15:0: warning: "PROG_PATH" redefined [enabled by default]
conftest.c:10:0: note: this is the location of the previous definition
configure:15630: $? = 0
configure:15630: result: yes
configure:15640: checking for working fork
configure:15662: gcc -o conftest -g -O2   conftest.c -lpopt -lcups  >&5
conftest.c:15:0: warning: "PROG_PATH" redefined [enabled by default]
conftest.c:10:0: note: this is the location of the previous definition
configure:15662: $? = 0
configure:15662: ./conftest
configure:15662: $? = 0
configure:15672: result: yes
configure:15693: checking for working vfork
configure:15803: result: yes
configure:15830: checking for stdlib.h
configure:15830: result: yes
configure:15840: checking for GNU libc compatible malloc
configure:15864: gcc -o conftest -g -O2   conftest.c -lpopt -lcups  >&5
conftest.c:15:0: warning: "PROG_PATH" redefined [enabled by default]
conftest.c:10:0: note: this is the location of the previous definition
configure:15864: $? = 0
configure:15864: ./conftest
configure:15864: $? = 0
configure:15874: result: yes
configure:15898: checking for dup2
configure:15898: gcc -o conftest -g -O2   conftest.c -lpopt -lcups  >&5
conftest.c:15:0: warning: "PROG_PATH" redefined [enabled by default]
conftest.c:10:0: note: this is the location of the previous definition
configure:15898: $? = 0
configure:15898: result: yes
configure:15898: checking for memset
configure:15898: gcc -o conftest -g -O2   conftest.c -lpopt -lcups  >&5
conftest.c:15:0: warning: "PROG_PATH" redefined [enabled by default]
conftest.c:10:0: note: this is the location of the previous definition
conftest.c:72:6: warning: conflicting types for built-in function 'memset' [enabled by default]
configure:15898: $? = 0
configure:15898: result: yes
configure:15898: checking for socket
configure:15898: gcc -o conftest -g -O2   conftest.c -lpopt -lcups  >&5
conftest.c:15:0: warning: "PROG_PATH" redefined [enabled by default]
conftest.c:10:0: note: this is the location of the previous definition
configure:15898: $? = 0
configure:15898: result: yes
configure:15898: checking for strdup
configure:15898: gcc -o conftest -g -O2   conftest.c -lpopt -lcups  >&5
conftest.c:15:0: warning: "PROG_PATH" redefined [enabled by default]
conftest.c:10:0: note: this is the location of the previous definition
conftest.c:74:6: warning: conflicting types for built-in function 'strdup' [enabled by default]
configure:15898: $? = 0
configure:15898: result: yes
configure:15898: checking for strrchr
configure:15898: gcc -o conftest -g -O2   conftest.c -lpopt -lcups  >&5
conftest.c:15:0: warning: "PROG_PATH" redefined [enabled by default]
conftest.c:10:0: note: this is the location of the previous definition
conftest.c:75:6: warning: conflicting types for built-in function 'strrchr' [enabled by default]
configure:15898: $? = 0
configure:15898: result: yes
configure:16049: creating ./config.status

## ---------------------- ##
## Running config.status. ##
## ---------------------- ##

This file was extended by config.status, which was
generated by GNU Autoconf 2.69.  Invocation command line was

  CONFIG_FILES    = 
  CONFIG_HEADERS  = 
  CONFIG_LINKS    = 
  CONFIG_COMMANDS = 
  $ ./config.status 

on misak-desktop

config.status:1171: creating Makefile
config.status:1171: creating filter/Makefile
config.status:1171: creating config.h
config.status:1400: executing depfiles commands
config.status:1400: executing libtool commands

## ---------------- ##
## Cache variables. ##
## ---------------- ##

ac_cv_build=x86_64-unknown-linux-gnu
ac_cv_c_compiler_gnu=yes
ac_cv_c_const=yes
ac_cv_cxx_compiler_gnu=yes
ac_cv_env_CCC_set=
ac_cv_env_CCC_value=
ac_cv_env_CC_set=
ac_cv_env_CC_value=
ac_cv_env_CFLAGS_set=
ac_cv_env_CFLAGS_value=
ac_cv_env_CPPFLAGS_set=
ac_cv_env_CPPFLAGS_value=
ac_cv_env_CPP_set=
ac_cv_env_CPP_value=
ac_cv_env_CXXCPP_set=
ac_cv_env_CXXCPP_value=
ac_cv_env_CXXFLAGS_set=
ac_cv_env_CXXFLAGS_value=
ac_cv_env_CXX_set=
ac_cv_env_CXX_value=
ac_cv_env_LDFLAGS_set=
ac_cv_env_LDFLAGS_value=
ac_cv_env_LIBS_set=
ac_cv_env_LIBS_value=
ac_cv_env_build_alias_set=
ac_cv_env_build_alias_value=
ac_cv_env_host_alias_set=
ac_cv_env_host_alias_value=
ac_cv_env_target_alias_set=
ac_cv_env_target_alias_value=
ac_cv_func_dup2=yes
ac_cv_func_fork=yes
ac_cv_func_fork_works=yes
ac_cv_func_malloc_0_nonnull=yes
ac_cv_func_memset=yes
ac_cv_func_socket=yes
ac_cv_func_strdup=yes
ac_cv_func_strrchr=yes
ac_cv_func_vfork=yes
ac_cv_func_vfork_works=yes
ac_cv_header_arpa_inet_h=yes
ac_cv_header_dlfcn_h=yes
ac_cv_header_fcntl_h=yes
ac_cv_header_inttypes_h=yes
ac_cv_header_malloc_h=yes
ac_cv_header_memory_h=yes
ac_cv_header_netdb_h=yes
ac_cv_header_netinet_in_h=yes
ac_cv_header_stdc=yes
ac_cv_header_stdint_h=yes
ac_cv_header_stdlib_h=yes
ac_cv_header_string_h=yes
ac_cv_header_strings_h=yes
ac_cv_header_sys_socket_h=yes
ac_cv_header_sys_stat_h=yes
ac_cv_header_sys_types_h=yes
ac_cv_header_sys_wait_h=yes
ac_cv_header_unistd_h=yes
ac_cv_header_vfork_h=no
ac_cv_host=x86_64-unknown-linux-gnu
ac_cv_lib_cups_main=yes
ac_cv_lib_paramlist_main=no
ac_cv_lib_popt_main=yes
ac_cv_objext=o
ac_cv_path_EGREP='/bin/grep -E'
ac_cv_path_FGREP='/bin/grep -F'
ac_cv_path_GREP=/bin/grep
ac_cv_path_SED=/bin/sed
ac_cv_path_install='/usr/bin/install -c'
ac_cv_path_mkdir=/bin/mkdir
ac_cv_prog_AWK=gawk
ac_cv_prog_CPP='gcc -E'
ac_cv_prog_CXXCPP='g++ -E'
ac_cv_prog_ac_ct_AR=ar
ac_cv_prog_ac_ct_CC=gcc
ac_cv_prog_ac_ct_CXX=g++
ac_cv_prog_ac_ct_MANIFEST_TOOL=mt
ac_cv_prog_ac_ct_OBJDUMP=objdump
ac_cv_prog_ac_ct_RANLIB=ranlib
ac_cv_prog_ac_ct_STRIP=strip
ac_cv_prog_cc_c89=
ac_cv_prog_cc_g=yes
ac_cv_prog_cxx_g=yes
ac_cv_prog_make_make_set=yes
ac_cv_type_pid_t=yes
ac_cv_type_size_t=yes
am_cv_CC_dependencies_compiler_type=gcc3
am_cv_CXX_dependencies_compiler_type=gcc3
lt_cv_ar_at_file=@
lt_cv_archive_cmds_need_lc=no
lt_cv_deplibs_check_method=pass_all
lt_cv_file_magic_cmd='$MAGIC_CMD'
lt_cv_file_magic_test_file=
lt_cv_ld_reload_flag=-r
lt_cv_nm_interface='BSD nm'
lt_cv_objdir=.libs
lt_cv_path_LD=/usr/bin/ld
lt_cv_path_LDCXX='/usr/bin/ld -m elf_x86_64'
lt_cv_path_NM='/usr/bin/nm -B'
lt_cv_path_mainfest_tool=no
lt_cv_prog_compiler_c_o=yes
lt_cv_prog_compiler_c_o_CXX=yes
lt_cv_prog_compiler_pic='-fPIC -DPIC'
lt_cv_prog_compiler_pic_CXX='-fPIC -DPIC'
lt_cv_prog_compiler_pic_works=yes
lt_cv_prog_compiler_pic_works_CXX=yes
lt_cv_prog_compiler_rtti_exceptions=no
lt_cv_prog_compiler_static_works=yes
lt_cv_prog_compiler_static_works_CXX=yes
lt_cv_prog_gnu_ld=yes
lt_cv_prog_gnu_ldcxx=yes
lt_cv_sharedlib_from_linklib_cmd='printf %s\n'
lt_cv_shlibpath_overrides_runpath=no
lt_cv_sys_global_symbol_pipe='sed -n -e '\''s/^.*[	 ]\([ABCDGIRSTW][ABCDGIRSTW]*\)[	 ][	 ]*\([_A-Za-z][_A-Za-z0-9]*\)$/\1 \2 \2/p'\'' | sed '\''/ __gnu_lto/d'\'''
lt_cv_sys_global_symbol_to_c_name_address='sed -n -e '\''s/^: \([^ ]*\)[ ]*$/  {\"\1\", (void *) 0},/p'\'' -e '\''s/^[ABCDGIRSTW]* \([^ ]*\) \([^ ]*\)$/  {"\2", (void *) \&\2},/p'\'''
lt_cv_sys_global_symbol_to_c_name_address_lib_prefix='sed -n -e '\''s/^: \([^ ]*\)[ ]*$/  {\"\1\", (void *) 0},/p'\'' -e '\''s/^[ABCDGIRSTW]* \([^ ]*\) \(lib[^ ]*\)$/  {"\2", (void *) \&\2},/p'\'' -e '\''s/^[ABCDGIRSTW]* \([^ ]*\) \([^ ]*\)$/  {"lib\2", (void *) \&\2},/p'\'''
lt_cv_sys_global_symbol_to_cdecl='sed -n -e '\''s/^T .* \(.*\)$/extern int \1();/p'\'' -e '\''s/^[ABCDGIRSTW]* .* \(.*\)$/extern char \1;/p'\'''
lt_cv_sys_max_cmd_len=1572864
lt_cv_to_host_file_cmd=func_convert_file_noop
lt_cv_to_tool_file_cmd=func_convert_file_noop

## ----------------- ##
## Output variables. ##
## ----------------- ##

ACLOCAL='${SHELL} /home/misak/src/cnijfilter-common-master2/pstocanonbj/missing --run aclocal-1.11'
AMDEPBACKSLASH='\'
AMDEP_FALSE='#'
AMDEP_TRUE=''
AMTAR='$${TAR-tar}'
AR='ar'
AUTOCONF='${SHELL} /home/misak/src/cnijfilter-common-master2/pstocanonbj/missing --run autoconf'
AUTOHEADER='${SHELL} /home/misak/src/cnijfilter-common-master2/pstocanonbj/missing --run autoheader'
AUTOMAKE='${SHELL} /home/misak/src/cnijfilter-common-master2/pstocanonbj/missing --run automake-1.11'
AWK='gawk'
CC='gcc'
CCDEPMODE='depmode=gcc3'
CFLAGS='-g -O2'
CPP='gcc -E'
CPPFLAGS=''
CXX='g++'
CXXCPP='g++ -E'
CXXDEPMODE='depmode=gcc3'
CXXFLAGS='-g -O2'
CYGPATH_W='echo'
DEFS='-DHAVE_CONFIG_H'
DEPDIR='.deps'
DLLTOOL='false'
DSYMUTIL=''
DUMPBIN=''
ECHO_C=''
ECHO_N='-n'
ECHO_T=''
EGREP='/bin/grep -E'
EXEEXT=''
FGREP='/bin/grep -F'
GREP='/bin/grep'
INSTALL_DATA='${INSTALL} -m 644'
INSTALL_PROGRAM='${INSTALL}'
INSTALL_SCRIPT='${INSTALL}'
INSTALL_STRIP_PROGRAM='$(install_sh) -c -s'
LD='/usr/bin/ld -m elf_x86_64'
LDFLAGS=''
LIBOBJS=''
LIBS='-lpopt -lcups '
LIBTOOL='$(SHELL) $(top_builddir)/libtool'
LIPO=''
LN_S='ln -s'
LTLIBOBJS=''
MAKEINFO='${SHELL} /home/misak/src/cnijfilter-common-master2/pstocanonbj/missing --run makeinfo'
MANIFEST_TOOL=':'
MKDIR_P='/bin/mkdir -p'
NM='/usr/bin/nm -B'
NMEDIT=''
OBJDUMP='objdump'
OBJEXT='o'
OTOOL64=''
OTOOL=''
PACKAGE='pstocanonbj'
PACKAGE_BUGREPORT=''
PACKAGE_NAME=''
PACKAGE_STRING=''
PACKAGE_TARNAME=''
PACKAGE_URL=''
PACKAGE_VERSION=''
PATH_SEPARATOR=':'
PROG_PATH=''
RANLIB='ranlib'
SED='/bin/sed'
SET_MAKE=''
SHELL='/bin/bash'
STRIP='strip'
VERSION='3.3'
ac_ct_AR='ar'
ac_ct_CC='gcc'
ac_ct_CXX='g++'
ac_ct_DUMPBIN=''
am__EXEEXT_FALSE=''
am__EXEEXT_TRUE='#'
am__fastdepCC_FALSE='#'
am__fastdepCC_TRUE=''
am__fastdepCXX_FALSE='#'
am__fastdepCXX_TRUE=''
am__include='include'
am__isrc=''
am__leading_dot='.'
am__nodep='_no'
am__quote=''
am__tar='$${TAR-tar} chof - "$$tardir"'
am__untar='$${TAR-tar} xf -'
bindir='${exec_prefix}/bin'
build='x86_64-unknown-linux-gnu'
build_alias=''
build_cpu='x86_64'
build_os='linux-gnu'
build_vendor='unknown'
datadir='${datarootdir}'
datarootdir='${prefix}/share'
docdir='${datarootdir}/doc/${PACKAGE}'
dvidir='${docdir}'
exec_prefix='${prefix}'
host='x86_64-unknown-linux-gnu'
host_alias=''
host_cpu='x86_64'
host_os='linux-gnu'
host_vendor='unknown'
htmldir='${docdir}'
includedir='${prefix}/include'
infodir='${datarootdir}/info'
install_sh='${SHELL} /home/misak/src/cnijfilter-common-master2/pstocanonbj/install-sh'
libdir='${exec_prefix}/lib'
libexecdir='${exec_prefix}/libexec'
localedir='${datarootdir}/locale'
localstatedir='${prefix}/var'
mandir='${datarootdir}/man'
mkdir_p='/bin/mkdir -p'
oldincludedir='/usr/include'
pdfdir='${docdir}'
prefix='/usr'
program_transform_name='s,x,x,'
psdir='${docdir}'
sbindir='${exec_prefix}/sbin'
sharedstatedir='${prefix}/com'
sysconfdir='${prefix}/etc'
target_alias=''

## ----------- ##
## confdefs.h. ##
## ----------- ##

/* confdefs.h */
#define PACKAGE_NAME ""
#define PACKAGE_TARNAME ""
#define PACKAGE_VERSION ""
#define PACKAGE_STRING ""
#define PACKAGE_BUGREPORT ""
#define PACKAGE_URL ""
#define PACKAGE "pstocanonbj"
#define VERSION "3.3"
#define PROG_PATH /**/
#define PACKAGE_LOCALE_DIR /**/
#define PACKAGE_DATA_DIR /**/
#define PACKAGE_SOURCE_DIR /**/
#define PACKAGE_PRINTER_MODEL /**/
#define PROG_PATH "/usr/bin"
#define STDC_HEADERS 1
#define HAVE_SYS_TYPES_H 1
#define HAVE_SYS_STAT_H 1
#define HAVE_STDLIB_H 1
#define HAVE_STRING_H 1
#define HAVE_MEMORY_H 1
#define HAVE_STRINGS_H 1
#define HAVE_INTTYPES_H 1
#define HAVE_STDINT_H 1
#define HAVE_UNISTD_H 1
#define HAVE_DLFCN_H 1
#define LT_OBJDIR ".libs/"
#define HAVE_LIBCUPS 1
#define HAVE_LIBPOPT 1
#define STDC_HEADERS 1
#define HAVE_SYS_WAIT_H 1
#define HAVE_ARPA_INET_H 1
#define HAVE_FCNTL_H 1
#define HAVE_MALLOC_H 1
#define HAVE_NETDB_H 1
#define HAVE_NETINET_IN_H 1
#define HAVE_STDLIB_H 1
#define HAVE_STRING_H 1
#define HAVE_SYS_SOCKET_H 1
#define HAVE_UNISTD_H 1
#define HAVE_FORK 1
#define HAVE_VFORK 1
#define HAVE_WORKING_VFORK 1
#define HAVE_WORKING_FORK 1
#define HAVE_STDLIB_H 1
#define HAVE_MALLOC 1
#define HAVE_DUP2 1
#define HAVE_MEMSET 1
#define HAVE_SOCKET 1
#define HAVE_STRDUP 1
#define HAVE_STRRCHR 1

configure: exit 0
